<?xml version="1.0" encoding="utf-8"?><testsuites name="pytest tests"><testsuite name="pytest" errors="0" failures="0" skipped="0" tests="21" time="8.122" timestamp="2026-03-20T18:38:18.568111+00:00" hostname="agent-env-a22d7232-ba31-4a0e-a2f1-97733a42db67"><testcase classname="tests.test_calcetto_api.TestHealthCheck" name="test_api_root" time="0.338" /><testcase classname="tests.test_calcetto_api.TestPlayerCRUD" name="test_create_player_and_verify" time="0.490" /><testcase classname="tests.test_calcetto_api.TestPlayerCRUD" name="test_get_all_players" time="0.327" /><testcase classname="tests.test_calcetto_api.TestPlayerCRUD" name="test_get_single_player" time="0.610" /><testcase classname="tests.test_calcetto_api.TestPlayerCRUD" name="test_get_nonexistent_player" time="0.159" /><testcase classname="tests.test_calcetto_api.TestPlayerCRUD" name="test_update_player_and_verify" time="0.574" /><testcase classname="tests.test_calcetto_api.TestPlayerCRUD" name="test_update_nonexistent_player" time="0.124" /><testcase classname="tests.test_calcetto_api.TestPlayerCRUD" name="test_delete_player_and_verify" time="0.525" /><testcase classname="tests.test_calcetto_api.TestPlayerCRUD" name="test_delete_nonexistent_player" time="0.159" /><testcase classname="tests.test_calcetto_api.TestPlayerValidation" name="test_create_player_invalid_role" time="0.132" /><testcase classname="tests.test_calcetto_api.TestPlayerValidation" name="test_create_player_invalid_strength" time="0.132" /><testcase classname="tests.test_calcetto_api.TestPlayerSearch" name="test_search_by_nickname" time="0.700" /><testcase classname="tests.test_calcetto_api.TestPlayerSearch" name="test_filter_by_role_portiere" time="0.146" /><testcase classname="tests.test_calcetto_api.TestPlayerSearch" name="test_filter_by_role_difensore" time="0.143" /><testcase classname="tests.test_calcetto_api.TestPlayerSearch" name="test_filter_by_role_centrocampista" time="0.134" /><testcase classname="tests.test_calcetto_api.TestPlayerSearch" name="test_filter_by_role_attaccante" time="0.234" /><testcase classname="tests.test_calcetto_api.TestPlayerSearch" name="test_filter_by_strength_range" time="0.744" /><testcase classname="tests.test_calcetto_api.TestTeamGeneration" name="test_generate_teams_success" time="0.976" /><testcase classname="tests.test_calcetto_api.TestTeamGeneration" name="test_generate_teams_insufficient_players" time="0.137" /><testcase classname="tests.test_calcetto_api.TestTeamGeneration" name="test_generate_teams_empty_list" time="0.978" /><testcase classname="tests.test_calcetto_api.TestAgeCalculation" name="test_age_calculation" time="0.274" /></testsuite></testsuites>