<?xml version="1.0" encoding="utf-8"?><testsuites name="pytest tests"><testsuite name="pytest" errors="0" failures="0" skipped="0" tests="12" time="5.354" timestamp="2026-03-25T08:56:23.983315+00:00" hostname="agent-env-a22d7232-ba31-4a0e-a2f1-97733a42db67"><testcase classname="backend.tests.test_groups_api.TestGroupCRUD" name="test_create_group_and_verify" time="0.467" /><testcase classname="backend.tests.test_groups_api.TestGroupCRUD" name="test_create_group_empty_name" time="0.097" /><testcase classname="backend.tests.test_groups_api.TestGroupCRUD" name="test_get_all_groups" time="0.135" /><testcase classname="backend.tests.test_groups_api.TestGroupCRUD" name="test_update_group_and_verify" time="0.512" /><testcase classname="backend.tests.test_groups_api.TestGroupCRUD" name="test_update_nonexistent_group" time="0.140" /><testcase classname="backend.tests.test_groups_api.TestGroupCRUD" name="test_delete_group_and_verify" time="0.347" /><testcase classname="backend.tests.test_groups_api.TestGroupCRUD" name="test_delete_nonexistent_group" time="0.095" /><testcase classname="backend.tests.test_groups_api.TestPlayerGroupAssociation" name="test_create_player_with_group_id" time="0.303" /><testcase classname="backend.tests.test_groups_api.TestPlayerGroupAssociation" name="test_filter_players_by_group_id" time="0.570" /><testcase classname="backend.tests.test_groups_api.TestPlayerGroupAssociation" name="test_group_player_count_updates" time="0.613" /><testcase classname="backend.tests.test_groups_api.TestCascadeDelete" name="test_delete_group_cascades_to_players" time="1.104" /><testcase classname="backend.tests.test_groups_api.TestGroupsWithRoleFilter" name="test_filter_by_group_and_role" time="0.812" /></testsuite></testsuites>